<?xml version="1.0" encoding="UTF-8"?>
<!-- Generated by org.testng.reporters.JUnitReportReporter -->
<testsuite hostname="shisen-5CG5092X3X" failures="0" tests="1" name="ReadExceldata.DDTCaseStudy" time="29.420" errors="0" timestamp="2025-07-28T12:47:44 IST" skipped="0">
  <testcase classname="ReadExceldata.DDTCaseStudy" name="fillFormFromCsvTest" time="29.420"/>
</testsuite> <!-- ReadExceldata.DDTCaseStudy -->
