<?xml version="1.0" encoding="UTF-8"?>
<!-- Generated by org.testng.reporters.JUnitReportReporter -->
<testsuite hostname="shisen-5CG5092X3X" failures="0" tests="1" name="radiobuttons.Radiobuttons1" time="6.004" errors="0" timestamp="2025-07-28T10:35:54 IST" skipped="0">
  <testcase classname="radiobuttons.Radiobuttons1" name="TestPopups" time="6.004"/>
</testsuite> <!-- radiobuttons.Radiobuttons1 -->
