<?xml version="1.0" encoding="UTF-8"?>
<!-- Generated by org.testng.reporters.JUnitReportReporter -->
<testsuite hostname="shisen-5CG5092X3X" failures="0" tests="1" name="radiobuttons.RadioButton" time="14.132" errors="0" timestamp="2025-07-28T10:34:03 IST" skipped="0">
  <testcase classname="radiobuttons.RadioButton" name="TestPopups" time="14.132"/>
</testsuite> <!-- radiobuttons.RadioButton -->
