<?xml version="1.0" encoding="UTF-8"?>
<!-- Generated by org.testng.reporters.JUnitReportReporter -->
<testsuite hostname="shisen-5CG5092X3X" failures="0" tests="1" name="LocatorsDemo.DemoId" time="10.621" errors="0" timestamp="2025-07-25T12:31:43 IST" skipped="0">
  <testcase classname="LocatorsDemo.DemoId" name="DemoTestId" time="10.621"/>
</testsuite> <!-- LocatorsDemo.DemoId -->
