<?xml version="1.0" encoding="UTF-8"?>
<!-- Generated by org.testng.reporters.JUnitReportReporter -->
<testsuite hostname="shisen-5CG5092X3X" failures="0" tests="1" name="screenshots.Facebook" time="8.825" errors="0" timestamp="2025-07-28T14:23:43 IST" skipped="0">
  <testcase classname="screenshots.Facebook" name="Browser" time="8.825"/>
</testsuite> <!-- screenshots.Facebook -->
