<?xml version="1.0" encoding="UTF-8"?>
<!-- Generated by org.testng.reporters.JUnitReportReporter -->
<testsuite hostname="shisen-5CG5092X3X" failures="0" tests="1" name="library.Screenshotdemo" time="10.949" errors="0" timestamp="2025-07-28T14:38:27 IST" skipped="0">
  <testcase classname="library.Screenshotdemo" name="Browser" time="10.949"/>
</testsuite> <!-- library.Screenshotdemo -->
