<?xml version="1.0" encoding="UTF-8"?>
<!-- Generated by org.testng.reporters.JUnitReportReporter -->
<testsuite hostname="shisen-5CG5092X3X" failures="0" tests="1" name="radiobuttons.Radio" time="6.070" errors="0" timestamp="2025-07-25T15:49:51 IST" skipped="0">
  <testcase classname="radiobuttons.Radio" name="DemoTestID" time="6.070"/>
</testsuite> <!-- radiobuttons.Radio -->
