<?xml version="1.0" encoding="UTF-8"?>
<!-- Generated by org.testng.reporters.JUnitReportReporter -->
<testsuite hostname="shisen-5CG5092X3X" failures="0" tests="1" name="handlingscroll.testscroll" time="16.665" errors="0" timestamp="2025-07-28T14:48:46 IST" skipped="0">
  <testcase classname="handlingscroll.testscroll" name="Test" time="16.665"/>
</testsuite> <!-- handlingscroll.testscroll -->
