<?xml version="1.0" encoding="UTF-8"?>
<!-- Generated by org.testng.reporters.JUnitReportReporter -->
<testsuite hostname="shisen-5CG5092X3X" failures="0" tests="1" name="HandlingAlerts.handlingalert" time="11.855" errors="0" timestamp="2025-07-25T16:44:28 IST" skipped="0">
  <testcase classname="HandlingAlerts.handlingalert" name="TestPopups" time="11.855"/>
</testsuite> <!-- HandlingAlerts.handlingalert -->
